c:\users\graph\documents\bmal\src\stk\projects\bendow\build\bendow.dir\release\granulate.obj
c:\users\graph\documents\bmal\src\stk\projects\bendow\build\bendow.dir\release\modulate.obj
c:\users\graph\documents\bmal\src\stk\projects\bendow\build\bendow.dir\release\blitsquare.obj
c:\users\graph\documents\bmal\src\stk\projects\bendow\build\bendow.dir\release\blitsaw.obj
c:\users\graph\documents\bmal\src\stk\projects\bendow\build\bendow.dir\release\blit.obj
c:\users\graph\documents\bmal\src\stk\projects\bendow\build\bendow.dir\release\noise.obj
c:\users\graph\documents\bmal\src\stk\projects\bendow\build\bendow.dir\release\beethree.obj
c:\users\graph\documents\bmal\src\stk\projects\bendow\build\bendow.dir\release\stk.obj
c:\users\graph\documents\bmal\src\stk\projects\bendow\build\bendow.dir\release\implot_demo.obj
c:\users\graph\documents\bmal\src\stk\projects\bendow\build\bendow.dir\release\implot_items.obj
c:\users\graph\documents\bmal\src\stk\projects\bendow\build\bendow.dir\release\implot.obj
c:\users\graph\documents\bmal\src\stk\projects\bendow\build\bendow.dir\release\imgui_knobs.obj
c:\users\graph\documents\bmal\src\stk\projects\bendow\build\bendow.dir\release\imgui_demo.obj
c:\users\graph\documents\bmal\src\stk\projects\bendow\build\bendow.dir\release\imgui_tables.obj
c:\users\graph\documents\bmal\src\stk\projects\bendow\build\bendow.dir\release\imgui_widgets.obj
c:\users\graph\documents\bmal\src\stk\projects\bendow\build\bendow.dir\release\imgui_draw.obj
c:\users\graph\documents\bmal\src\stk\projects\bendow\build\bendow.dir\release\imgui_impl_opengl3.obj
c:\users\graph\documents\bmal\src\stk\projects\bendow\build\bendow.dir\release\imgui_impl_glfw.obj
c:\users\graph\documents\bmal\src\stk\projects\bendow\build\bendow.dir\release\imgui_stdlib.obj
c:\users\graph\documents\bmal\src\stk\projects\bendow\build\bendow.dir\release\imgui.obj
c:\users\graph\documents\bmal\src\stk\projects\bendow\build\bendow.dir\release\fm.obj
c:\users\graph\documents\bmal\src\stk\projects\bendow\build\bendow.dir\release\rtaudio.obj
c:\users\graph\documents\bmal\src\stk\projects\bendow\build\bendow.dir\release\plucked.obj
c:\users\graph\documents\bmal\src\stk\projects\bendow\build\bendow.dir\release\twang.obj
c:\users\graph\documents\bmal\src\stk\projects\bendow\build\bendow.dir\release\envelope.obj
c:\users\graph\documents\bmal\src\stk\projects\bendow\build\bendow.dir\release\onepole.obj
c:\users\graph\documents\bmal\src\stk\projects\bendow\build\bendow.dir\release\onezero.obj
c:\users\graph\documents\bmal\src\stk\projects\bendow\build\bendow.dir\release\twozero.obj
c:\users\graph\documents\bmal\src\stk\projects\bendow\build\bendow.dir\release\biquad.obj
c:\users\graph\documents\bmal\src\stk\projects\bendow\build\bendow.dir\release\singwave.obj
c:\users\graph\documents\bmal\src\stk\projects\bendow\build\bendow.dir\release\sinewave.obj
c:\users\graph\documents\bmal\src\stk\projects\bendow\build\bendow.dir\release\delayl.obj
c:\users\graph\documents\bmal\src\stk\projects\bendow\build\bendow.dir\release\delaya.obj
c:\users\graph\documents\bmal\src\stk\projects\bendow\build\bendow.dir\release\delay.obj
c:\users\graph\documents\bmal\src\stk\projects\bendow\build\bendow.dir\release\fir.obj
c:\users\graph\documents\bmal\src\stk\projects\bendow\build\bendow.dir\release\echo.obj
c:\users\graph\documents\bmal\src\stk\projects\bendow\build\bendow.dir\release\chorus.obj
c:\users\graph\documents\bmal\src\stk\projects\bendow\build\bendow.dir\release\fileloop.obj
c:\users\graph\documents\bmal\src\stk\projects\bendow\build\bendow.dir\release\filewvin.obj
c:\users\graph\documents\bmal\src\stk\projects\bendow\build\bendow.dir\release\fileread.obj
c:\users\graph\documents\bmal\src\stk\projects\bendow\build\bendow.dir\release\main.obj
c:\users\graph\documents\bmal\src\stk\projects\bendow\build\bendow.dir\release\graph.obj
c:\users\graph\documents\bmal\src\stk\projects\bendow\build\bendow.dir\release\sequencer.obj
c:\users\graph\documents\bmal\src\stk\projects\bendow\build\bendow.dir\release\lfo.obj
c:\users\graph\documents\bmal\src\stk\projects\bendow\build\bendow.dir\release\arythmetic.obj
c:\users\graph\documents\bmal\src\stk\projects\bendow\build\bendow.dir\release\filter.obj
c:\users\graph\documents\bmal\src\stk\projects\bendow\build\bendow.dir\release\effect.obj
c:\users\graph\documents\bmal\src\stk\projects\bendow\build\bendow.dir\release\oscillator.obj
c:\users\graph\documents\bmal\src\stk\projects\bendow\build\bendow.dir\release\random.obj
c:\users\graph\documents\bmal\src\stk\projects\bendow\build\bendow.dir\release\value.obj
c:\users\graph\documents\bmal\src\stk\projects\bendow\build\bendow.dir\release\node.obj
c:\users\graph\documents\bmal\src\stk\projects\bendow\build\bendow.dir\release\buffer.obj
c:\users\graph\documents\bmal\src\stk\projects\bendow\build\bendow.dir\release\parameter.obj
c:\users\graph\documents\bmal\src\stk\projects\bendow\build\bendow.dir\release\c_\users\graph\documents\bmal\src\stk\src\adsr.cpp.obj
c:\users\graph\documents\bmal\src\stk\projects\bendow\build\bendow.dir\release\factory.obj
c:\users\graph\documents\bmal\src\stk\projects\bendow\build\bendow.dir\release\adsr.cpp.obj
c:\users\graph\documents\bmal\src\stk\projects\bendow\build\cmakefiles\generate.stamp
c:\users\graph\documents\bmal\src\stk\projects\bendow\build\release\bendow.exe
c:\users\graph\documents\bmal\src\stk\projects\bendow\build\bendow.dir\release\bendow.tlog\cl.command.1.tlog
c:\users\graph\documents\bmal\src\stk\projects\bendow\build\bendow.dir\release\bendow.tlog\cl.read.1.tlog
c:\users\graph\documents\bmal\src\stk\projects\bendow\build\bendow.dir\release\bendow.tlog\cl.write.1.tlog
c:\users\graph\documents\bmal\src\stk\projects\bendow\build\bendow.dir\release\bendow.tlog\custombuild.command.1.tlog
c:\users\graph\documents\bmal\src\stk\projects\bendow\build\bendow.dir\release\bendow.tlog\custombuild.read.1.tlog
c:\users\graph\documents\bmal\src\stk\projects\bendow\build\bendow.dir\release\bendow.tlog\custombuild.write.1.tlog
c:\users\graph\documents\bmal\src\stk\projects\bendow\build\bendow.dir\release\bendow.tlog\link.command.1.tlog
c:\users\graph\documents\bmal\src\stk\projects\bendow\build\bendow.dir\release\bendow.tlog\link.read.1.tlog
c:\users\graph\documents\bmal\src\stk\projects\bendow\build\bendow.dir\release\bendow.tlog\link.write.1.tlog
