C:\Program Files (x86)\Microsoft Visual Studio\2017\Community\Common7\IDE\VC\VCTargets\Microsoft.CppBuild.targets(391,5): warning MSB8028: Le répertoire intermédiaire (x64\Release\) contient des fichiers partagés provenant d'un autre projet (bethree.vcxproj, controlbee.vcxproj, crtsine.vcxproj). Cela peut entraîner un comportement de nettoyage et de régénération incorrect.
  FileWrite.cpp
e:\projects\rnd\stk-4.6.0\src\filewrite.cpp(194): warning C4996: 'fopen': This function or variable may be unsafe. Consider using fopen_s instead. To disable deprecation, use _CRT_SECURE_NO_WARNINGS. See online help for details.
  c:\program files (x86)\windows kits\10\include\10.0.10240.0\ucrt\stdio.h(205): note: voir la déclaration de 'fopen'
e:\projects\rnd\stk-4.6.0\src\filewrite.cpp(253): warning C4309: '=' : troncation de valeur de constante
e:\projects\rnd\stk-4.6.0\src\filewrite.cpp(219): warning C4996: 'fopen': This function or variable may be unsafe. Consider using fopen_s instead. To disable deprecation, use _CRT_SECURE_NO_WARNINGS. See online help for details.
  c:\program files (x86)\windows kits\10\include\10.0.10240.0\ucrt\stdio.h(205): note: voir la déclaration de 'fopen'
e:\projects\rnd\stk-4.6.0\src\filewrite.cpp(347): warning C4996: 'fopen': This function or variable may be unsafe. Consider using fopen_s instead. To disable deprecation, use _CRT_SECURE_NO_WARNINGS. See online help for details.
  c:\program files (x86)\windows kits\10\include\10.0.10240.0\ucrt\stdio.h(205): note: voir la déclaration de 'fopen'
e:\projects\rnd\stk-4.6.0\src\filewrite.cpp(415): warning C4996: 'fopen': This function or variable may be unsafe. Consider using fopen_s instead. To disable deprecation, use _CRT_SECURE_NO_WARNINGS. See online help for details.
  c:\program files (x86)\windows kits\10\include\10.0.10240.0\ucrt\stdio.h(205): note: voir la déclaration de 'fopen'
e:\projects\rnd\stk-4.6.0\src\filewrite.cpp(572): warning C4996: 'strcpy': This function or variable may be unsafe. Consider using strcpy_s instead. To disable deprecation, use _CRT_SECURE_NO_WARNINGS. See online help for details.
  c:\program files (x86)\windows kits\10\include\10.0.10240.0\ucrt\string.h(119): note: voir la déclaration de 'strcpy'
e:\projects\rnd\stk-4.6.0\src\filewrite.cpp(559): warning C4996: 'fopen': This function or variable may be unsafe. Consider using fopen_s instead. To disable deprecation, use _CRT_SECURE_NO_WARNINGS. See online help for details.
  c:\program files (x86)\windows kits\10\include\10.0.10240.0\ucrt\stdio.h(205): note: voir la déclaration de 'fopen'
e:\projects\rnd\stk-4.6.0\src\filewrite.cpp(725): warning C4267: 'initialisation' : conversion de 'size_t' en 'unsigned long', perte possible de données
  FileWvOut.cpp
  SineWave.cpp
  Stk.cpp
  foursine.cpp
  Génération de code en cours...
C:\Program Files (x86)\Microsoft Visual Studio\2017\Community\Common7\IDE\VC\VCTargets\Microsoft.CppBuild.targets(1205,5): warning MSB8012: TargetPath(E:\Projects\RnD\stk-4.6.0\projects\examples\x64\Release\foursine.exe) ne correspond pas à la valeur de la propriété OutputFile (E:\Projects\RnD\stk-4.6.0\projects\examples\foursine.exe) de Linker. Cela peut entraîner une génération incorrecte de votre projet. Pour corriger ce problème, vérifiez que les valeurs des propriétés $(OutDir), $(TargetName) et $(TargetExt) correspondent à la valeur spécifiée dans %(Link.OutputFile).
  foursine.vcxproj -> E:\Projects\RnD\stk-4.6.0\projects\examples\x64\Release\foursine.exe
