C:\Program Files (x86)\Microsoft Visual Studio\2017\Community\Common7\IDE\VC\VCTargets\Microsoft.CppBuild.targets(391,5): warning MSB8028: Le répertoire intermédiaire (x64\Release\) contient des fichiers partagés provenant d'un autre projet (bethree.vcxproj, controlbee.vcxproj, crtsine.vcxproj, foursine.vcxproj, grains.vcxproj). Cela peut entraîner un comportement de nettoyage et de régénération incorrect.
  ADSR.cpp
  BeeThree.cpp
  Envelope.cpp
  FileLoop.cpp
  FileRead.cpp
e:\projects\rnd\stk-4.6.0\src\fileread.cpp(85): warning C4996: 'fopen': This function or variable may be unsafe. Consider using fopen_s instead. To disable deprecation, use _CRT_SECURE_NO_WARNINGS. See online help for details.
  c:\program files (x86)\windows kits\10\include\10.0.10240.0\ucrt\stdio.h(205): note: voir la déclaration de 'fopen'
  FileWvIn.cpp
  FM.cpp
  Messager.cpp
  Mutex.cpp
  RtAudio.cpp
  RtMidi.cpp
  RtWvOut.cpp
  SineWave.cpp
  SKINI.cpp
  Socket.cpp
  Stk.cpp
  TcpServer.cpp
e:\projects\rnd\stk-4.6.0\src\tcpserver.cpp(45): warning C4244: '=' : conversion de 'SOCKET' en 'int', perte possible de données
e:\projects\rnd\stk-4.6.0\src\tcpserver.cpp(84): warning C4244: 'return' : conversion de 'SOCKET' en 'int', perte possible de données
  Thread.cpp
e:\projects\rnd\stk-4.6.0\src\thread.cpp(51): warning C4244: '=' : conversion de 'uintptr_t' en 'THREAD_HANDLE', perte possible de données
e:\projects\rnd\stk-4.6.0\src\thread.cpp(68): warning C4312: 'cast de type' : la conversion de 'THREAD_HANDLE' en 'HANDLE' d'une taille supérieure
e:\projects\rnd\stk-4.6.0\src\thread.cpp(86): warning C4312: 'cast de type' : la conversion de 'THREAD_HANDLE' en 'HANDLE' d'une taille supérieure
e:\projects\rnd\stk-4.6.0\src\thread.cpp(88): warning C4312: 'cast de type' : la conversion de 'THREAD_HANDLE' en 'HANDLE' d'une taille supérieure
  TwoZero.cpp
  Voicer.cpp
  Génération de code en cours...
  Compilation en cours...
  threebees.cpp
  Génération de code en cours...
C:\Program Files (x86)\Microsoft Visual Studio\2017\Community\Common7\IDE\VC\VCTargets\Microsoft.CppBuild.targets(1205,5): warning MSB8012: TargetPath(E:\Projects\RnD\stk-4.6.0\projects\examples\x64\Release\threebees.exe) ne correspond pas à la valeur de la propriété OutputFile (E:\Projects\RnD\stk-4.6.0\projects\examples\threebees.exe) de Linker. Cela peut entraîner une génération incorrecte de votre projet. Pour corriger ce problème, vérifiez que les valeurs des propriétés $(OutDir), $(TargetName) et $(TargetExt) correspondent à la valeur spécifiée dans %(Link.OutputFile).
  threebees.vcxproj -> E:\Projects\RnD\stk-4.6.0\projects\examples\x64\Release\threebees.exe
