Build started 11/12/2018 17:47:52.
     1>Project "E:\Projects\RnD\STK\projects\CAPI\CAPI.vcxproj" on node 2 (Build target(s)).
     1>ClCompile:
         C:\Program Files (x86)\Microsoft Visual Studio 12.0\VC\bin\x86_amd64\CL.exe /c /IE:\Projects\RnD\STK\include /I../../include /I../../src/include /Zi /nologo /W3 /WX- /O2 /D NDEBUG /D WIN32 /D _CONSOLE /D __LITTLE_ENDIAN__ /D __WINDOWS_DS__ /D _WINDLL /D _MBCS /GF /Gm- /EHsc /MT /GS /Gy /fp:precise /Zc:wchar_t /Zc:forScope /Fo"x64\Release\\" /Fd"x64\Release\vc120.pdb" /Gd /TP /errorReport:prompt ..\..\src\ADSR.cpp ..\..\src\Asymp.cpp ..\..\src\Blit.cpp ..\..\src\BlitSaw.cpp ..\..\src\BlitSquare.cpp ..\..\src\Chorus.cpp ..\..\src\Delay.cpp ..\..\src\DelayA.cpp ..\..\src\DelayL.cpp ..\..\src\Echo.cpp ..\..\src\Envelope.cpp ..\..\src\FileLoop.cpp ..\..\src\FileRead.cpp ..\..\src\FileWvIn.cpp ..\..\src\FreeVerb.cpp ..\..\src\Granulate.cpp ..\..\src\JCRev.cpp ..\..\src\LentPitShift.cpp ..\..\src\Modulate.cpp ..\..\src\Noise.cpp ..\..\src\NRev.cpp ..\..\src\OnePole.cpp ..\..\src\PitShift.cpp ..\..\src\PRCRev.cpp ..\..\src\RtAudio.cpp ..\..\src\SineWave.cpp ..\..\src\SingWave.cpp ..\..\src\Stk.cpp arythmetic.cpp common.cpp effects.cpp envelopes.cpp generators.cpp stream.cpp
         ADSR.cpp
     1>..\..\src\ADSR.cpp(24): warning C4305: '=' : truncation from 'double' to 'stk::StkFloat'
     1>..\..\src\ADSR.cpp(25): warning C4305: '=' : truncation from 'double' to 'stk::StkFloat'
     1>..\..\src\ADSR.cpp(26): warning C4305: '=' : truncation from 'double' to 'stk::StkFloat'
     1>..\..\src\ADSR.cpp(126): warning C4244: '=' : conversion from 'double' to 'stk::StkFloat', possible loss of data
     1>..\..\src\ADSR.cpp(136): warning C4244: '=' : conversion from 'double' to 'stk::StkFloat', possible loss of data
         Asymp.cpp
     1>E:\Projects\RnD\STK\include\Asymp.h(33): warning C4305: 'initializing' : truncation from 'double' to 'const stk::StkFloat'
     1>..\..\src\Asymp.cpp(36): warning C4244: '=' : conversion from 'double' to 'stk::StkFloat', possible loss of data
     1>..\..\src\Asymp.cpp(49): warning C4244: 'initializing' : conversion from 'double' to 'stk::StkFloat', possible loss of data
     1>..\..\src\Asymp.cpp(50): warning C4244: '=' : conversion from 'double' to 'stk::StkFloat', possible loss of data
     1>..\..\src\Asymp.cpp(71): warning C4244: '=' : conversion from 'double' to 'stk::StkFloat', possible loss of data
     1>..\..\src\Asymp.cpp(72): warning C4244: '=' : conversion from 'double' to 'stk::StkFloat', possible loss of data
     1>..\..\src\Asymp.cpp(83): warning C4244: '=' : conversion from 'double' to 'stk::StkFloat', possible loss of data
     1>..\..\src\Asymp.cpp(84): warning C4244: '=' : conversion from 'double' to 'stk::StkFloat', possible loss of data
     1>..\..\src\Asymp.cpp(94): warning C4244: 'argument' : conversion from 'double' to 'stk::StkFloat', possible loss of data
     1>..\..\src\Asymp.cpp(101): warning C4244: '=' : conversion from 'double' to 'stk::StkFloat', possible loss of data
         Blit.cpp
         BlitSaw.cpp
     1>E:\Projects\RnD\STK\include\BlitSaw.h(119): warning C4244: '=' : conversion from 'double' to 'stk::StkFloat', possible loss of data
     1>..\..\src\BlitSaw.cpp(76): warning C4244: '=' : conversion from 'double' to 'stk::StkFloat', possible loss of data
         BlitSquare.cpp
     1>E:\Projects\RnD\STK\include\BlitSquare.h(142): warning C4244: '=' : conversion from 'double' to 'stk::StkFloat', possible loss of data
     1>..\..\src\BlitSquare.cpp(71): warning C4244: '=' : conversion from 'double' to 'stk::StkFloat', possible loss of data
         Chorus.cpp
     1>e:\projects\rnd\stk\include\DelayL.h(43): warning C4267: 'return' : conversion from 'size_t' to 'unsigned long', possible loss of data
     1>E:\Projects\RnD\STK\include\Chorus.h(114): warning C4244: 'argument' : conversion from 'double' to 'stk::StkFloat', possible loss of data
     1>E:\Projects\RnD\STK\include\Chorus.h(115): warning C4244: 'argument' : conversion from 'double' to 'stk::StkFloat', possible loss of data
     1>E:\Projects\RnD\STK\include\Chorus.h(133): warning C4244: 'argument' : conversion from 'double' to 'stk::StkFloat', possible loss of data
     1>E:\Projects\RnD\STK\include\Chorus.h(134): warning C4244: 'argument' : conversion from 'double' to 'stk::StkFloat', possible loss of data
     1>E:\Projects\RnD\STK\include\Chorus.h(158): warning C4244: 'argument' : conversion from 'double' to 'stk::StkFloat', possible loss of data
     1>E:\Projects\RnD\STK\include\Chorus.h(159): warning C4244: 'argument' : conversion from 'double' to 'stk::StkFloat', possible loss of data
     1>..\..\src\Chorus.cpp(25): warning C4305: 'argument' : truncation from 'double' to 'stk::StkFloat'
     1>..\..\src\Chorus.cpp(26): warning C4305: 'argument' : truncation from 'double' to 'stk::StkFloat'
     1>..\..\src\Chorus.cpp(27): warning C4305: '=' : truncation from 'double' to 'stk::StkFloat'
     1>..\..\src\Chorus.cpp(53): warning C4244: 'argument' : conversion from 'double' to 'stk::StkFloat', possible loss of data
         Delay.cpp
     1>E:\Projects\RnD\STK\include\Delay.h(40): warning C4267: 'return' : conversion from 'size_t' to 'unsigned long', possible loss of data
     1>..\..\src\Delay.cpp(57): warning C4267: '=' : conversion from 'size_t' to 'unsigned long', possible loss of data
     1>..\..\src\Delay.cpp(87): warning C4267: '+=' : conversion from 'size_t' to 'long', possible loss of data
     1>..\..\src\Delay.cpp(96): warning C4267: '+=' : conversion from 'size_t' to 'long', possible loss of data
     1>..\..\src\Delay.cpp(105): warning C4267: '+=' : conversion from 'size_t' to 'long', possible loss of data
         DelayA.cpp
     1>E:\Projects\RnD\STK\include\DelayA.h(47): warning C4267: 'return' : conversion from 'size_t' to 'unsigned long', possible loss of data
     1>..\..\src\DelayA.cpp(67): warning C4267: 'initializing' : conversion from 'size_t' to 'unsigned long', possible loss of data
     1>..\..\src\DelayA.cpp(78): warning C4244: 'initializing' : conversion from 'double' to 'stk::StkFloat', possible loss of data
     1>..\..\src\DelayA.cpp(86): warning C4244: '=' : conversion from 'double' to 'stk::StkFloat', possible loss of data
     1>..\..\src\DelayA.cpp(96): warning C4244: '=' : conversion from 'double' to 'stk::StkFloat', possible loss of data
     1>..\..\src\DelayA.cpp(103): warning C4267: '+=' : conversion from 'size_t' to 'long', possible loss of data
     1>..\..\src\DelayA.cpp(112): warning C4267: '+=' : conversion from 'size_t' to 'long', possible loss of data
         DelayL.cpp
     1>E:\Projects\RnD\STK\include\DelayL.h(43): warning C4267: 'return' : conversion from 'size_t' to 'unsigned long', possible loss of data
     1>..\..\src\DelayL.cpp(59): warning C4267: '+=' : conversion from 'size_t' to 'long', possible loss of data
     1>..\..\src\DelayL.cpp(68): warning C4267: '+=' : conversion from 'size_t' to 'long', possible loss of data
         Echo.cpp
     1>e:\projects\rnd\stk\include\Delay.h(40): warning C4267: 'return' : conversion from 'size_t' to 'unsigned long', possible loss of data
         Envelope.cpp
     1>..\..\src\Envelope.cpp(22): warning C4305: '=' : truncation from 'double' to 'stk::StkFloat'
     1>..\..\src\Envelope.cpp(67): warning C4244: '=' : conversion from 'double' to 'stk::StkFloat', possible loss of data
         FileLoop.cpp
         FileRead.cpp
     1>..\..\src\FileRead.cpp(85): warning C4996: 'fopen': This function or variable may be unsafe. Consider using fopen_s instead. To disable deprecation, use _CRT_SECURE_NO_WARNINGS. See online help for details.
                 C:\Program Files (x86)\Microsoft Visual Studio 12.0\VC\include\stdio.h(211) : see declaration of 'fopen'
     1>..\..\src\FileRead.cpp(800): warning C4244: '=' : conversion from 'stk::SINT32' to 'stk::StkFloat', possible loss of data
     1>..\..\src\FileRead.cpp(825): warning C4244: '=' : conversion from 'stk::FLOAT64' to 'stk::StkFloat', possible loss of data
     1>..\..\src\FileRead.cpp(838): warning C4244: '=' : conversion from 'double' to 'stk::StkFloat', possible loss of data
         FileWvIn.cpp
     1>..\..\src\FileWvIn.cpp(144): warning C4244: '=' : conversion from 'double' to 'stk::StkFloat', possible loss of data
     1>..\..\src\FileWvIn.cpp(157): warning C4244: '=' : conversion from 'double' to 'stk::StkFloat', possible loss of data
     1>..\..\src\FileWvIn.cpp(170): warning C4244: '=' : conversion from 'double' to 'stk::StkFloat', possible loss of data
         FreeVerb.cpp
     1>e:\projects\rnd\stk\include\Delay.h(40): warning C4267: 'return' : conversion from 'size_t' to 'unsigned long', possible loss of data
     1>E:\Projects\RnD\STK\include\FreeVerb.h(214): warning C4244: '=' : conversion from 'double' to 'stk::StkFloat', possible loss of data
     1>E:\Projects\RnD\STK\include\FreeVerb.h(223): warning C4244: '=' : conversion from 'double' to 'stk::StkFloat', possible loss of data
     1>..\..\src\FreeVerb.cpp(24): warning C4305: 'initializing' : truncation from 'double' to 'const stk::StkFloat'
     1>..\..\src\FreeVerb.cpp(27): warning C4305: 'initializing' : truncation from 'double' to 'const stk::StkFloat'
     1>..\..\src\FreeVerb.cpp(28): warning C4305: 'initializing' : truncation from 'double' to 'const stk::StkFloat'
     1>..\..\src\FreeVerb.cpp(29): warning C4305: 'initializing' : truncation from 'double' to 'const stk::StkFloat'
     1>..\..\src\FreeVerb.cpp(40): warning C4244: '=' : conversion from 'double' to 'stk::StkFloat', possible loss of data
     1>..\..\src\FreeVerb.cpp(41): warning C4244: '=' : conversion from 'double' to 'stk::StkFloat', possible loss of data
     1>..\..\src\FreeVerb.cpp(137): warning C4244: '=' : conversion from 'double' to 'stk::StkFloat', possible loss of data
     1>..\..\src\FreeVerb.cpp(144): warning C4244: '=' : conversion from 'double' to 'stk::StkFloat', possible loss of data
     1>..\..\src\FreeVerb.cpp(145): warning C4244: '=' : conversion from 'double' to 'stk::StkFloat', possible loss of data
     1>..\..\src\FreeVerb.cpp(161): warning C4244: 'argument' : conversion from 'double' to 'stk::StkFloat', possible loss of data
     1>..\..\src\FreeVerb.cpp(162): warning C4244: 'argument' : conversion from 'double' to 'stk::StkFloat', possible loss of data
         Granulate.cpp
     1>..\..\src\Granulate.cpp(81): warning C4305: '=' : truncation from 'double' to 'stk::StkFloat'
     1>..\..\src\Granulate.cpp(83): warning C4244: '=' : conversion from 'double' to 'stk::StkFloat', possible loss of data
     1>..\..\src\Granulate.cpp(113): warning C4244: '=' : conversion from 'double' to 'size_t', possible loss of data
     1>..\..\src\Granulate.cpp(114): warning C4267: '=' : conversion from 'size_t' to 'unsigned long', possible loss of data
     1>..\..\src\Granulate.cpp(137): warning C4244: '=' : conversion from 'double' to 'size_t', possible loss of data
     1>..\..\src\Granulate.cpp(138): warning C4267: '=' : conversion from 'size_t' to 'unsigned long', possible loss of data
     1>..\..\src\Granulate.cpp(143): warning C4244: '=' : conversion from 'double' to 'stk::StkFloat', possible loss of data
     1>..\..\src\Granulate.cpp(150): warning C4244: '=' : conversion from 'unsigned long' to 'stk::StkFloat', possible loss of data
     1>..\..\src\Granulate.cpp(165): warning C4244: 'initializing' : conversion from 'double' to 'stk::StkFloat', possible loss of data
     1>..\..\src\Granulate.cpp(173): warning C4244: '=' : conversion from 'double' to 'stk::StkFloat', possible loss of data
     1>..\..\src\Granulate.cpp(183): warning C4244: '=' : conversion from 'double' to 'stk::StkFloat', possible loss of data
     1>..\..\src\Granulate.cpp(192): warning C4244: '=' : conversion from 'double' to 'stk::StkFloat', possible loss of data
     1>..\..\src\Granulate.cpp(197): warning C4244: '=' : conversion from 'double' to 'stk::StkFloat', possible loss of data
     1>..\..\src\Granulate.cpp(202): warning C4244: '=' : conversion from 'stk::StkFloat' to 'unsigned long', possible loss of data
     1>..\..\src\Granulate.cpp(266): warning C4244: 'argument' : conversion from 'stk::StkFloat' to 'size_t', possible loss of data
         JCRev.cpp
     1>e:\projects\rnd\stk\include\Delay.h(40): warning C4267: 'return' : conversion from 'size_t' to 'unsigned long', possible loss of data
     1>E:\Projects\RnD\STK\include\JCRev.h(156): warning C4244: '=' : conversion from 'double' to 'stk::StkFloat', possible loss of data
     1>E:\Projects\RnD\STK\include\JCRev.h(160): warning C4244: 'return' : conversion from 'double' to 'stk::StkFloat', possible loss of data
     1>..\..\src\JCRev.cpp(58): warning C4305: 'argument' : truncation from 'double' to 'stk::StkFloat'
     1>..\..\src\JCRev.cpp(66): warning C4305: '=' : truncation from 'double' to 'stk::StkFloat'
     1>..\..\src\JCRev.cpp(67): warning C4305: '=' : truncation from 'double' to 'stk::StkFloat'
     1>..\..\src\JCRev.cpp(94): warning C4244: '=' : conversion from 'double' to 'stk::StkFloat', possible loss of data
         LentPitShift.cpp
     1>e:\projects\rnd\stk\include\Delay.h(40): warning C4267: 'return' : conversion from 'size_t' to 'unsigned long', possible loss of data
     1>E:\Projects\RnD\STK\include\LentPitShift.h(187): warning C4244: '=' : conversion from 'double' to 'stk::StkFloat', possible loss of data
     1>E:\Projects\RnD\STK\include\LentPitShift.h(188): warning C4244: '=' : conversion from 'double' to 'stk::StkFloat', possible loss of data
     1>E:\Projects\RnD\STK\include\LentPitShift.h(194): warning C4244: 'argument' : conversion from 'double' to 'stk::StkFloat', possible loss of data
     1>E:\Projects\RnD\STK\include\LentPitShift.h(195): warning C4244: 'argument' : conversion from 'double' to 'stk::StkFloat', possible loss of data
     1>..\..\src\LentPitShift.cpp(20): warning C4305: '=' : truncation from 'double' to 'stk::StkFloat'
         Modulate.cpp
     1>..\..\src\Modulate.cpp(20): warning C4305: '=' : truncation from 'double' to 'stk::StkFloat'
     1>..\..\src\Modulate.cpp(25): warning C4305: '=' : truncation from 'double' to 'stk::StkFloat'
     1>..\..\src\Modulate.cpp(26): warning C4305: 'argument' : truncation from 'double' to 'stk::StkFloat'
         Noise.cpp
         Generating Code...
         Compiling...
         NRev.cpp
     1>e:\projects\rnd\stk\include\Delay.h(40): warning C4267: 'return' : conversion from 'size_t' to 'unsigned long', possible loss of data
     1>E:\Projects\RnD\STK\include\NRev.h(131): warning C4244: '=' : conversion from 'double' to 'stk::StkFloat', possible loss of data
     1>E:\Projects\RnD\STK\include\NRev.h(150): warning C4244: '=' : conversion from 'double' to 'stk::StkFloat', possible loss of data
     1>..\..\src\NRev.cpp(45): warning C4244: '=' : conversion from 'double' to 'stk::StkFloat', possible loss of data
     1>..\..\src\NRev.cpp(54): warning C4305: '=' : truncation from 'double' to 'stk::StkFloat'
     1>..\..\src\NRev.cpp(55): warning C4305: '=' : truncation from 'double' to 'stk::StkFloat'
     1>..\..\src\NRev.cpp(77): warning C4244: '=' : conversion from 'double' to 'stk::StkFloat', possible loss of data
         OnePole.cpp
         PitShift.cpp
     1>e:\projects\rnd\stk\include\DelayL.h(43): warning C4267: 'return' : conversion from 'size_t' to 'unsigned long', possible loss of data
     1>E:\Projects\RnD\STK\include\PitShift.h(90): warning C4244: '=' : conversion from 'double' to 'stk::StkFloat', possible loss of data
     1>E:\Projects\RnD\STK\include\PitShift.h(91): warning C4244: '=' : conversion from 'double' to 'stk::StkFloat', possible loss of data
     1>E:\Projects\RnD\STK\include\PitShift.h(99): warning C4244: '+=' : conversion from 'double' to 'stk::StkFloat', possible loss of data
     1>..\..\src\PitShift.cpp(42): warning C4244: '=' : conversion from 'double' to 'stk::StkFloat', possible loss of data
     1>..\..\src\PitShift.cpp(45): warning C4244: '=' : conversion from 'double' to 'stk::StkFloat', possible loss of data
     1>..\..\src\PitShift.cpp(49): warning C4244: '=' : conversion from 'unsigned long' to 'stk::StkFloat', possible loss of data
         PRCRev.cpp
     1>e:\projects\rnd\stk\include\Delay.h(40): warning C4267: 'return' : conversion from 'size_t' to 'unsigned long', possible loss of data
     1>E:\Projects\RnD\STK\include\PRCRev.h(130): warning C4244: '=' : conversion from 'double' to 'stk::StkFloat', possible loss of data
     1>..\..\src\PRCRev.cpp(55): warning C4305: '=' : truncation from 'double' to 'stk::StkFloat'
     1>..\..\src\PRCRev.cpp(77): warning C4244: '=' : conversion from 'double' to 'stk::StkFloat', possible loss of data
     1>..\..\src\PRCRev.cpp(78): warning C4244: '=' : conversion from 'double' to 'stk::StkFloat', possible loss of data
         RtAudio.cpp
         SineWave.cpp
         SingWave.cpp
     1>..\..\src\SingWave.cpp(26): warning C4305: '=' : truncation from 'double' to 'stk::StkFloat'
     1>..\..\src\SingWave.cpp(29): warning C4305: 'argument' : truncation from 'double' to 'stk::StkFloat'
     1>..\..\src\SingWave.cpp(30): warning C4305: 'argument' : truncation from 'double' to 'stk::StkFloat'
         Stk.cpp
         arythmetic.cpp
     1>e:\projects\rnd\stk\include\Delay.h(40): warning C4267: 'return' : conversion from 'size_t' to 'unsigned long', possible loss of data
     1>e:\projects\rnd\stk\include\DelayL.h(43): warning C4267: 'return' : conversion from 'size_t' to 'unsigned long', possible loss of data
     1>E:\Projects\RnD\STK\include\PitShift.h(90): warning C4244: '=' : conversion from 'double' to 'stk::StkFloat', possible loss of data
     1>E:\Projects\RnD\STK\include\PitShift.h(91): warning C4244: '=' : conversion from 'double' to 'stk::StkFloat', possible loss of data
     1>E:\Projects\RnD\STK\include\PitShift.h(99): warning C4244: '+=' : conversion from 'double' to 'stk::StkFloat', possible loss of data
     1>E:\Projects\RnD\STK\include\LentPitShift.h(187): warning C4244: '=' : conversion from 'double' to 'stk::StkFloat', possible loss of data
     1>E:\Projects\RnD\STK\include\LentPitShift.h(188): warning C4244: '=' : conversion from 'double' to 'stk::StkFloat', possible loss of data
     1>E:\Projects\RnD\STK\include\LentPitShift.h(194): warning C4244: 'argument' : conversion from 'double' to 'stk::StkFloat', possible loss of data
     1>E:\Projects\RnD\STK\include\LentPitShift.h(195): warning C4244: 'argument' : conversion from 'double' to 'stk::StkFloat', possible loss of data
     1>E:\Projects\RnD\STK\include\Chorus.h(114): warning C4244: 'argument' : conversion from 'double' to 'stk::StkFloat', possible loss of data
     1>E:\Projects\RnD\STK\include\Chorus.h(115): warning C4244: 'argument' : conversion from 'double' to 'stk::StkFloat', possible loss of data
     1>E:\Projects\RnD\STK\include\Chorus.h(133): warning C4244: 'argument' : conversion from 'double' to 'stk::StkFloat', possible loss of data
     1>E:\Projects\RnD\STK\include\Chorus.h(134): warning C4244: 'argument' : conversion from 'double' to 'stk::StkFloat', possible loss of data
     1>E:\Projects\RnD\STK\include\Chorus.h(158): warning C4244: 'argument' : conversion from 'double' to 'stk::StkFloat', possible loss of data
     1>E:\Projects\RnD\STK\include\Chorus.h(159): warning C4244: 'argument' : conversion from 'double' to 'stk::StkFloat', possible loss of data
     1>arythmetic.cpp(146): warning C4244: 'return' : conversion from 'double' to 'stk::StkFloat', possible loss of data
         common.cpp
     1>e:\projects\rnd\stk\include\Delay.h(40): warning C4267: 'return' : conversion from 'size_t' to 'unsigned long', possible loss of data
     1>e:\projects\rnd\stk\include\DelayL.h(43): warning C4267: 'return' : conversion from 'size_t' to 'unsigned long', possible loss of data
     1>E:\Projects\RnD\STK\include\PitShift.h(90): warning C4244: '=' : conversion from 'double' to 'stk::StkFloat', possible loss of data
     1>E:\Projects\RnD\STK\include\PitShift.h(91): warning C4244: '=' : conversion from 'double' to 'stk::StkFloat', possible loss of data
     1>E:\Projects\RnD\STK\include\PitShift.h(99): warning C4244: '+=' : conversion from 'double' to 'stk::StkFloat', possible loss of data
     1>E:\Projects\RnD\STK\include\LentPitShift.h(187): warning C4244: '=' : conversion from 'double' to 'stk::StkFloat', possible loss of data
     1>E:\Projects\RnD\STK\include\LentPitShift.h(188): warning C4244: '=' : conversion from 'double' to 'stk::StkFloat', possible loss of data
     1>E:\Projects\RnD\STK\include\LentPitShift.h(194): warning C4244: 'argument' : conversion from 'double' to 'stk::StkFloat', possible loss of data
     1>E:\Projects\RnD\STK\include\LentPitShift.h(195): warning C4244: 'argument' : conversion from 'double' to 'stk::StkFloat', possible loss of data
     1>E:\Projects\RnD\STK\include\Chorus.h(114): warning C4244: 'argument' : conversion from 'double' to 'stk::StkFloat', possible loss of data
     1>E:\Projects\RnD\STK\include\Chorus.h(115): warning C4244: 'argument' : conversion from 'double' to 'stk::StkFloat', possible loss of data
     1>E:\Projects\RnD\STK\include\Chorus.h(133): warning C4244: 'argument' : conversion from 'double' to 'stk::StkFloat', possible loss of data
     1>E:\Projects\RnD\STK\include\Chorus.h(134): warning C4244: 'argument' : conversion from 'double' to 'stk::StkFloat', possible loss of data
     1>E:\Projects\RnD\STK\include\Chorus.h(158): warning C4244: 'argument' : conversion from 'double' to 'stk::StkFloat', possible loss of data
     1>E:\Projects\RnD\STK\include\Chorus.h(159): warning C4244: 'argument' : conversion from 'double' to 'stk::StkFloat', possible loss of data
     1>common.cpp(12): warning C4101: 'error' : unreferenced local variable
         effects.cpp
     1>e:\projects\rnd\stk\include\Delay.h(40): warning C4267: 'return' : conversion from 'size_t' to 'unsigned long', possible loss of data
     1>e:\projects\rnd\stk\include\DelayL.h(43): warning C4267: 'return' : conversion from 'size_t' to 'unsigned long', possible loss of data
     1>E:\Projects\RnD\STK\include\PitShift.h(90): warning C4244: '=' : conversion from 'double' to 'stk::StkFloat', possible loss of data
     1>E:\Projects\RnD\STK\include\PitShift.h(91): warning C4244: '=' : conversion from 'double' to 'stk::StkFloat', possible loss of data
     1>E:\Projects\RnD\STK\include\PitShift.h(99): warning C4244: '+=' : conversion from 'double' to 'stk::StkFloat', possible loss of data
     1>E:\Projects\RnD\STK\include\LentPitShift.h(187): warning C4244: '=' : conversion from 'double' to 'stk::StkFloat', possible loss of data
     1>E:\Projects\RnD\STK\include\LentPitShift.h(188): warning C4244: '=' : conversion from 'double' to 'stk::StkFloat', possible loss of data
     1>E:\Projects\RnD\STK\include\LentPitShift.h(194): warning C4244: 'argument' : conversion from 'double' to 'stk::StkFloat', possible loss of data
     1>E:\Projects\RnD\STK\include\LentPitShift.h(195): warning C4244: 'argument' : conversion from 'double' to 'stk::StkFloat', possible loss of data
     1>E:\Projects\RnD\STK\include\Chorus.h(114): warning C4244: 'argument' : conversion from 'double' to 'stk::StkFloat', possible loss of data
     1>E:\Projects\RnD\STK\include\Chorus.h(115): warning C4244: 'argument' : conversion from 'double' to 'stk::StkFloat', possible loss of data
     1>E:\Projects\RnD\STK\include\Chorus.h(133): warning C4244: 'argument' : conversion from 'double' to 'stk::StkFloat', possible loss of data
     1>E:\Projects\RnD\STK\include\Chorus.h(134): warning C4244: 'argument' : conversion from 'double' to 'stk::StkFloat', possible loss of data
     1>E:\Projects\RnD\STK\include\Chorus.h(158): warning C4244: 'argument' : conversion from 'double' to 'stk::StkFloat', possible loss of data
     1>E:\Projects\RnD\STK\include\Chorus.h(159): warning C4244: 'argument' : conversion from 'double' to 'stk::StkFloat', possible loss of data
     1>E:\Projects\RnD\STK\include\PRCRev.h(130): warning C4244: '=' : conversion from 'double' to 'stk::StkFloat', possible loss of data
     1>E:\Projects\RnD\STK\include\JCRev.h(156): warning C4244: '=' : conversion from 'double' to 'stk::StkFloat', possible loss of data
     1>E:\Projects\RnD\STK\include\JCRev.h(160): warning C4244: 'return' : conversion from 'double' to 'stk::StkFloat', possible loss of data
     1>E:\Projects\RnD\STK\include\NRev.h(131): warning C4244: '=' : conversion from 'double' to 'stk::StkFloat', possible loss of data
     1>E:\Projects\RnD\STK\include\NRev.h(150): warning C4244: '=' : conversion from 'double' to 'stk::StkFloat', possible loss of data
     1>E:\Projects\RnD\STK\include\FreeVerb.h(214): warning C4244: '=' : conversion from 'double' to 'stk::StkFloat', possible loss of data
     1>E:\Projects\RnD\STK\include\FreeVerb.h(223): warning C4244: '=' : conversion from 'double' to 'stk::StkFloat', possible loss of data
     1>effects.cpp(212): warning C4800: 'stk::StkFloat' : forcing value to bool 'true' or 'false' (performance warning)
     1>effects.cpp(216): warning C4244: 'argument' : conversion from 'stk::StkFloat' to 'unsigned long', possible loss of data
     1>effects.cpp(217): warning C4244: 'argument' : conversion from 'stk::StkFloat' to 'unsigned long', possible loss of data
         envelopes.cpp
     1>e:\projects\rnd\stk\include\Delay.h(40): warning C4267: 'return' : conversion from 'size_t' to 'unsigned long', possible loss of data
     1>e:\projects\rnd\stk\include\DelayL.h(43): warning C4267: 'return' : conversion from 'size_t' to 'unsigned long', possible loss of data
     1>E:\Projects\RnD\STK\include\PitShift.h(90): warning C4244: '=' : conversion from 'double' to 'stk::StkFloat', possible loss of data
     1>E:\Projects\RnD\STK\include\PitShift.h(91): warning C4244: '=' : conversion from 'double' to 'stk::StkFloat', possible loss of data
     1>E:\Projects\RnD\STK\include\PitShift.h(99): warning C4244: '+=' : conversion from 'double' to 'stk::StkFloat', possible loss of data
     1>E:\Projects\RnD\STK\include\LentPitShift.h(187): warning C4244: '=' : conversion from 'double' to 'stk::StkFloat', possible loss of data
     1>E:\Projects\RnD\STK\include\LentPitShift.h(188): warning C4244: '=' : conversion from 'double' to 'stk::StkFloat', possible loss of data
     1>E:\Projects\RnD\STK\include\LentPitShift.h(194): warning C4244: 'argument' : conversion from 'double' to 'stk::StkFloat', possible loss of data
     1>E:\Projects\RnD\STK\include\LentPitShift.h(195): warning C4244: 'argument' : conversion from 'double' to 'stk::StkFloat', possible loss of data
     1>E:\Projects\RnD\STK\include\Chorus.h(114): warning C4244: 'argument' : conversion from 'double' to 'stk::StkFloat', possible loss of data
     1>E:\Projects\RnD\STK\include\Chorus.h(115): warning C4244: 'argument' : conversion from 'double' to 'stk::StkFloat', possible loss of data
     1>E:\Projects\RnD\STK\include\Chorus.h(133): warning C4244: 'argument' : conversion from 'double' to 'stk::StkFloat', possible loss of data
     1>E:\Projects\RnD\STK\include\Chorus.h(134): warning C4244: 'argument' : conversion from 'double' to 'stk::StkFloat', possible loss of data
     1>E:\Projects\RnD\STK\include\Chorus.h(158): warning C4244: 'argument' : conversion from 'double' to 'stk::StkFloat', possible loss of data
     1>E:\Projects\RnD\STK\include\Chorus.h(159): warning C4244: 'argument' : conversion from 'double' to 'stk::StkFloat', possible loss of data
         generators.cpp
     1>e:\projects\rnd\stk\include\Delay.h(40): warning C4267: 'return' : conversion from 'size_t' to 'unsigned long', possible loss of data
     1>e:\projects\rnd\stk\include\DelayL.h(43): warning C4267: 'return' : conversion from 'size_t' to 'unsigned long', possible loss of data
     1>E:\Projects\RnD\STK\include\PitShift.h(90): warning C4244: '=' : conversion from 'double' to 'stk::StkFloat', possible loss of data
     1>E:\Projects\RnD\STK\include\PitShift.h(91): warning C4244: '=' : conversion from 'double' to 'stk::StkFloat', possible loss of data
     1>E:\Projects\RnD\STK\include\PitShift.h(99): warning C4244: '+=' : conversion from 'double' to 'stk::StkFloat', possible loss of data
     1>E:\Projects\RnD\STK\include\LentPitShift.h(187): warning C4244: '=' : conversion from 'double' to 'stk::StkFloat', possible loss of data
     1>E:\Projects\RnD\STK\include\LentPitShift.h(188): warning C4244: '=' : conversion from 'double' to 'stk::StkFloat', possible loss of data
     1>E:\Projects\RnD\STK\include\LentPitShift.h(194): warning C4244: 'argument' : conversion from 'double' to 'stk::StkFloat', possible loss of data
     1>E:\Projects\RnD\STK\include\LentPitShift.h(195): warning C4244: 'argument' : conversion from 'double' to 'stk::StkFloat', possible loss of data
     1>E:\Projects\RnD\STK\include\Chorus.h(114): warning C4244: 'argument' : conversion from 'double' to 'stk::StkFloat', possible loss of data
     1>E:\Projects\RnD\STK\include\Chorus.h(115): warning C4244: 'argument' : conversion from 'double' to 'stk::StkFloat', possible loss of data
     1>E:\Projects\RnD\STK\include\Chorus.h(133): warning C4244: 'argument' : conversion from 'double' to 'stk::StkFloat', possible loss of data
     1>E:\Projects\RnD\STK\include\Chorus.h(134): warning C4244: 'argument' : conversion from 'double' to 'stk::StkFloat', possible loss of data
     1>E:\Projects\RnD\STK\include\Chorus.h(158): warning C4244: 'argument' : conversion from 'double' to 'stk::StkFloat', possible loss of data
     1>E:\Projects\RnD\STK\include\Chorus.h(159): warning C4244: 'argument' : conversion from 'double' to 'stk::StkFloat', possible loss of data
     1>E:\Projects\RnD\STK\include\Asymp.h(33): warning C4305: 'initializing' : truncation from 'double' to 'const stk::StkFloat'
     1>E:\Projects\RnD\STK\include\BlitSaw.h(119): warning C4244: '=' : conversion from 'double' to 'stk::StkFloat', possible loss of data
     1>E:\Projects\RnD\STK\include\BlitSquare.h(142): warning C4244: '=' : conversion from 'double' to 'stk::StkFloat', possible loss of data
     1>generators.cpp(86): warning C4244: 'argument' : conversion from 'float' to 'unsigned int', possible loss of data
         stream.cpp
     1>e:\projects\rnd\stk\include\Delay.h(40): warning C4267: 'return' : conversion from 'size_t' to 'unsigned long', possible loss of data
     1>e:\projects\rnd\stk\include\DelayL.h(43): warning C4267: 'return' : conversion from 'size_t' to 'unsigned long', possible loss of data
     1>E:\Projects\RnD\STK\include\PitShift.h(90): warning C4244: '=' : conversion from 'double' to 'stk::StkFloat', possible loss of data
     1>E:\Projects\RnD\STK\include\PitShift.h(91): warning C4244: '=' : conversion from 'double' to 'stk::StkFloat', possible loss of data
     1>E:\Projects\RnD\STK\include\PitShift.h(99): warning C4244: '+=' : conversion from 'double' to 'stk::StkFloat', possible loss of data
     1>E:\Projects\RnD\STK\include\LentPitShift.h(187): warning C4244: '=' : conversion from 'double' to 'stk::StkFloat', possible loss of data
     1>E:\Projects\RnD\STK\include\LentPitShift.h(188): warning C4244: '=' : conversion from 'double' to 'stk::StkFloat', possible loss of data
     1>E:\Projects\RnD\STK\include\LentPitShift.h(194): warning C4244: 'argument' : conversion from 'double' to 'stk::StkFloat', possible loss of data
     1>E:\Projects\RnD\STK\include\LentPitShift.h(195): warning C4244: 'argument' : conversion from 'double' to 'stk::StkFloat', possible loss of data
     1>E:\Projects\RnD\STK\include\Chorus.h(114): warning C4244: 'argument' : conversion from 'double' to 'stk::StkFloat', possible loss of data
     1>E:\Projects\RnD\STK\include\Chorus.h(115): warning C4244: 'argument' : conversion from 'double' to 'stk::StkFloat', possible loss of data
     1>E:\Projects\RnD\STK\include\Chorus.h(133): warning C4244: 'argument' : conversion from 'double' to 'stk::StkFloat', possible loss of data
     1>E:\Projects\RnD\STK\include\Chorus.h(134): warning C4244: 'argument' : conversion from 'double' to 'stk::StkFloat', possible loss of data
     1>E:\Projects\RnD\STK\include\Chorus.h(158): warning C4244: 'argument' : conversion from 'double' to 'stk::StkFloat', possible loss of data
     1>E:\Projects\RnD\STK\include\Chorus.h(159): warning C4244: 'argument' : conversion from 'double' to 'stk::StkFloat', possible loss of data
     1>E:\Projects\RnD\STK\include\Asymp.h(33): warning C4305: 'initializing' : truncation from 'double' to 'const stk::StkFloat'
     1>E:\Projects\RnD\STK\include\BlitSaw.h(119): warning C4244: '=' : conversion from 'double' to 'stk::StkFloat', possible loss of data
     1>E:\Projects\RnD\STK\include\BlitSquare.h(142): warning C4244: '=' : conversion from 'double' to 'stk::StkFloat', possible loss of data
     1>E:\Projects\RnD\STK\include\PRCRev.h(130): warning C4244: '=' : conversion from 'double' to 'stk::StkFloat', possible loss of data
     1>E:\Projects\RnD\STK\include\JCRev.h(156): warning C4244: '=' : conversion from 'double' to 'stk::StkFloat', possible loss of data
     1>E:\Projects\RnD\STK\include\JCRev.h(160): warning C4244: 'return' : conversion from 'double' to 'stk::StkFloat', possible loss of data
     1>E:\Projects\RnD\STK\include\NRev.h(131): warning C4244: '=' : conversion from 'double' to 'stk::StkFloat', possible loss of data
     1>E:\Projects\RnD\STK\include\NRev.h(150): warning C4244: '=' : conversion from 'double' to 'stk::StkFloat', possible loss of data
     1>E:\Projects\RnD\STK\include\FreeVerb.h(214): warning C4244: '=' : conversion from 'double' to 'stk::StkFloat', possible loss of data
     1>E:\Projects\RnD\STK\include\FreeVerb.h(223): warning C4244: '=' : conversion from 'double' to 'stk::StkFloat', possible loss of data
     1>stream.cpp(81): warning C4267: 'initializing' : conversion from 'size_t' to 'unsigned int', possible loss of data
     1>stream.cpp(83): warning C4244: 'initializing' : conversion from 'double' to 'float', possible loss of data
     1>stream.cpp(182): warning C4267: 'initializing' : conversion from 'size_t' to 'unsigned int', possible loss of data
     1>stream.cpp(177): warning C4101: 'i' : unreferenced local variable
     1>stream.cpp(178): warning C4101: 'inv_freq' : unreferenced local variable
     1>stream.cpp(179): warning C4101: 'lastValues' : unreferenced local variable
     1>stream.cpp(177): warning C4101: 'j' : unreferenced local variable
     1>stream.cpp(200): warning C4996: 'fopen': This function or variable may be unsafe. Consider using fopen_s instead. To disable deprecation, use _CRT_SECURE_NO_WARNINGS. See online help for details.
                 C:\Program Files (x86)\Microsoft Visual Studio 12.0\VC\include\stdio.h(211) : see declaration of 'fopen'
     1>stream.cpp(252): warning C4101: 'e' : unreferenced local variable
     1>stream.cpp(287): warning C4018: '<' : signed/unsigned mismatch
         Generating Code...
       Link:
         C:\Program Files (x86)\Microsoft Visual Studio 12.0\VC\bin\x86_amd64\link.exe /ERRORREPORT:PROMPT /OUT:"E:\Projects\RnD\STK\projects\CAPI\x64\Release\STK.dll" /NOLOGO odbc32.lib odbccp32.lib dsound.lib kernel32.lib user32.lib gdi32.lib winspool.lib comdlg32.lib advapi32.lib shell32.lib ole32.lib oleaut32.lib uuid.lib odbc32.lib odbccp32.lib /MANIFEST /MANIFESTUAC:"level='asInvoker' uiAccess='false'" /manifest:embed /PDB:"E:\Projects\RnD\STK\projects\CAPI\x64\Release\STK.pdb" /OPT:REF /OPT:ICF /LTCG /TLBID:1 /DYNAMICBASE /NXCOMPAT /IMPLIB:"E:\Projects\RnD\STK\projects\CAPI\x64\Release\STK.lib" /MACHINE:X64 /DLL x64\Release\ADSR.obj
         x64\Release\Asymp.obj
         x64\Release\Blit.obj
         x64\Release\BlitSaw.obj
         x64\Release\BlitSquare.obj
         x64\Release\Chorus.obj
         x64\Release\Delay.obj
         x64\Release\DelayA.obj
         x64\Release\DelayL.obj
         x64\Release\Echo.obj
         x64\Release\Envelope.obj
         x64\Release\FileLoop.obj
         x64\Release\FileRead.obj
         x64\Release\FileWvIn.obj
         x64\Release\FreeVerb.obj
         x64\Release\Granulate.obj
         x64\Release\JCRev.obj
         x64\Release\LentPitShift.obj
         x64\Release\Modulate.obj
         x64\Release\Noise.obj
         x64\Release\NRev.obj
         x64\Release\OnePole.obj
         x64\Release\PitShift.obj
         x64\Release\PRCRev.obj
         x64\Release\RtAudio.obj
         x64\Release\SineWave.obj
         x64\Release\SingWave.obj
         x64\Release\Stk.obj
         x64\Release\arythmetic.obj
         x64\Release\common.obj
         x64\Release\effects.obj
         x64\Release\envelopes.obj
         x64\Release\generators.obj
         x64\Release\stream.obj
            Creating library E:\Projects\RnD\STK\projects\CAPI\x64\Release\STK.lib and object E:\Projects\RnD\STK\projects\CAPI\x64\Release\STK.exp
         LINK : /LTCG specified but no code generation required; remove /LTCG from the link command line to improve linker performance
         CAPI.vcxproj -> E:\Projects\RnD\STK\projects\CAPI\x64\Release\STK.dll
       PostBuildEvent:
         call deploy.bat
         :VCEnd
         E:\Projects\RnD\STK\projects\CAPI\x64\Release\STK.dll
         1 fichier(s) copié(s)
         " ---> Deployed STK Library 1.0 : "E:\Projects\RnD\Noodle\libs\x64\windows
     1>Done Building Project "E:\Projects\RnD\STK\projects\CAPI\CAPI.vcxproj" (Build target(s)).

Build succeeded.

Time Elapsed 00:00:16.84
