e:\projects\rnd\stk\projects\capi\x64\release\stk.lib
e:\projects\rnd\stk\projects\capi\x64\release\stk.exp
e:\projects\rnd\stk\projects\capi\x64\release\vc120.pdb
e:\projects\rnd\stk\projects\capi\x64\release\envelope.obj
e:\projects\rnd\stk\projects\capi\x64\release\echo.obj
e:\projects\rnd\stk\projects\capi\x64\release\drummer.obj
e:\projects\rnd\stk\projects\capi\x64\release\delayl.obj
e:\projects\rnd\stk\projects\capi\x64\release\delaya.obj
e:\projects\rnd\stk\projects\capi\x64\release\delay.obj
e:\projects\rnd\stk\projects\capi\x64\release\clarinet.obj
e:\projects\rnd\stk\projects\capi\x64\release\chorus.obj
e:\projects\rnd\stk\projects\capi\x64\release\brass.obj
e:\projects\rnd\stk\projects\capi\x64\release\bowed.obj
e:\projects\rnd\stk\projects\capi\x64\release\blowhole.obj
e:\projects\rnd\stk\projects\capi\x64\release\blowbotl.obj
e:\projects\rnd\stk\projects\capi\x64\release\blitsquare.obj
e:\projects\rnd\stk\projects\capi\x64\release\blitsaw.obj
e:\projects\rnd\stk\projects\capi\x64\release\blit.obj
e:\projects\rnd\stk\projects\capi\x64\release\biquad.obj
e:\projects\rnd\stk\projects\capi\x64\release\beethree.obj
e:\projects\rnd\stk\projects\capi\x64\release\bandedwg.obj
e:\projects\rnd\stk\projects\capi\x64\release\asymp.obj
e:\projects\rnd\stk\projects\capi\x64\release\adsr.obj
e:\projects\rnd\stk\projects\capi\x64\release\mandolin.obj
e:\projects\rnd\stk\projects\capi\x64\release\lentpitshift.obj
e:\projects\rnd\stk\projects\capi\x64\release\jcrev.obj
e:\projects\rnd\stk\projects\capi\x64\release\inetwvout.obj
e:\projects\rnd\stk\projects\capi\x64\release\inetwvin.obj
e:\projects\rnd\stk\projects\capi\x64\release\iir.obj
e:\projects\rnd\stk\projects\capi\x64\release\hevymetl.obj
e:\projects\rnd\stk\projects\capi\x64\release\guitar.obj
e:\projects\rnd\stk\projects\capi\x64\release\granulate.obj
e:\projects\rnd\stk\projects\capi\x64\release\freeverb.obj
e:\projects\rnd\stk\projects\capi\x64\release\formswep.obj
e:\projects\rnd\stk\projects\capi\x64\release\fmvoices.obj
e:\projects\rnd\stk\projects\capi\x64\release\fm.obj
e:\projects\rnd\stk\projects\capi\x64\release\flute.obj
e:\projects\rnd\stk\projects\capi\x64\release\fir.obj
e:\projects\rnd\stk\projects\capi\x64\release\filewvout.obj
e:\projects\rnd\stk\projects\capi\x64\release\filewvin.obj
e:\projects\rnd\stk\projects\capi\x64\release\filewrite.obj
e:\projects\rnd\stk\projects\capi\x64\release\fileread.obj
e:\projects\rnd\stk\projects\capi\x64\release\fileloop.obj
e:\projects\rnd\stk\projects\capi\x64\release\rhodey.obj
e:\projects\rnd\stk\projects\capi\x64\release\resonate.obj
e:\projects\rnd\stk\projects\capi\x64\release\prcrev.obj
e:\projects\rnd\stk\projects\capi\x64\release\polezero.obj
e:\projects\rnd\stk\projects\capi\x64\release\plucked.obj
e:\projects\rnd\stk\projects\capi\x64\release\pitshift.obj
e:\projects\rnd\stk\projects\capi\x64\release\phonemes.obj
e:\projects\rnd\stk\projects\capi\x64\release\percflut.obj
e:\projects\rnd\stk\projects\capi\x64\release\onezero.obj
e:\projects\rnd\stk\projects\capi\x64\release\onepole.obj
e:\projects\rnd\stk\projects\capi\x64\release\nrev.obj
e:\projects\rnd\stk\projects\capi\x64\release\noise.obj
e:\projects\rnd\stk\projects\capi\x64\release\mutex.obj
e:\projects\rnd\stk\projects\capi\x64\release\moog.obj
e:\projects\rnd\stk\projects\capi\x64\release\modulate.obj
e:\projects\rnd\stk\projects\capi\x64\release\modalbar.obj
e:\projects\rnd\stk\projects\capi\x64\release\modal.obj
e:\projects\rnd\stk\projects\capi\x64\release\midifilein.obj
e:\projects\rnd\stk\projects\capi\x64\release\messager.obj
e:\projects\rnd\stk\projects\capi\x64\release\mesh2d.obj
e:\projects\rnd\stk\projects\capi\x64\release\thread.obj
e:\projects\rnd\stk\projects\capi\x64\release\tcpserver.obj
e:\projects\rnd\stk\projects\capi\x64\release\tcpclient.obj
e:\projects\rnd\stk\projects\capi\x64\release\tapdelay.obj
e:\projects\rnd\stk\projects\capi\x64\release\stk.obj
e:\projects\rnd\stk\projects\capi\x64\release\stifkarp.obj
e:\projects\rnd\stk\projects\capi\x64\release\sphere.obj
e:\projects\rnd\stk\projects\capi\x64\release\socket.obj
e:\projects\rnd\stk\projects\capi\x64\release\skini.obj
e:\projects\rnd\stk\projects\capi\x64\release\sitar.obj
e:\projects\rnd\stk\projects\capi\x64\release\singwave.obj
e:\projects\rnd\stk\projects\capi\x64\release\sinewave.obj
e:\projects\rnd\stk\projects\capi\x64\release\simple.obj
e:\projects\rnd\stk\projects\capi\x64\release\shakers.obj
e:\projects\rnd\stk\projects\capi\x64\release\saxofony.obj
e:\projects\rnd\stk\projects\capi\x64\release\sampler.obj
e:\projects\rnd\stk\projects\capi\x64\release\rtwvout.obj
e:\projects\rnd\stk\projects\capi\x64\release\rtwvin.obj
e:\projects\rnd\stk\projects\capi\x64\release\rtmidi.obj
e:\projects\rnd\stk\projects\capi\x64\release\rtaudio.obj
e:\projects\rnd\stk\projects\capi\x64\release\effects.obj
e:\projects\rnd\stk\projects\capi\x64\release\common.obj
e:\projects\rnd\stk\projects\capi\x64\release\arythmetic.obj
e:\projects\rnd\stk\projects\capi\x64\release\wurley.obj
e:\projects\rnd\stk\projects\capi\x64\release\whistle.obj
e:\projects\rnd\stk\projects\capi\x64\release\voicform.obj
e:\projects\rnd\stk\projects\capi\x64\release\voicer.obj
e:\projects\rnd\stk\projects\capi\x64\release\udpsocket.obj
e:\projects\rnd\stk\projects\capi\x64\release\twozero.obj
e:\projects\rnd\stk\projects\capi\x64\release\twopole.obj
e:\projects\rnd\stk\projects\capi\x64\release\twang.obj
e:\projects\rnd\stk\projects\capi\x64\release\tubebell.obj
e:\projects\rnd\stk\projects\capi\x64\release\generators.obj
e:\projects\rnd\stk\projects\capi\x64\release\stream.obj
e:\projects\rnd\stk\projects\capi\x64\release\envelopes.obj
e:\projects\rnd\stk\projects\capi\x64\release\stk.dll
e:\projects\rnd\stk\projects\capi\x64\release\capi.tlog\capi.write.1u.tlog
e:\projects\rnd\stk\projects\capi\x64\release\capi.tlog\cl.command.1.tlog
e:\projects\rnd\stk\projects\capi\x64\release\capi.tlog\cl.read.1.tlog
e:\projects\rnd\stk\projects\capi\x64\release\capi.tlog\cl.write.1.tlog
e:\projects\rnd\stk\projects\capi\x64\release\capi.tlog\link.command.1.tlog
e:\projects\rnd\stk\projects\capi\x64\release\capi.tlog\link.read.1.tlog
e:\projects\rnd\stk\projects\capi\x64\release\capi.tlog\link.write.1.tlog
